C:\Users\user\Desktop\max_influence\max_influence\Release\cl.command.1.tlog
C:\Users\user\Desktop\max_influence\max_influence\Release\CL.read.1.tlog
C:\Users\user\Desktop\max_influence\max_influence\Release\CL.write.1.tlog
C:\USERS\USER\DESKTOP\MAX_INFLUENCE\MAX_INFLUENCE\RELEASE\DEGREE.OBJ
C:\USERS\USER\DESKTOP\MAX_INFLUENCE\MAX_INFLUENCE\RELEASE\DEGREEDISCOUNT.OBJ
C:\USERS\USER\DESKTOP\MAX_INFLUENCE\MAX_INFLUENCE\RELEASE\DEGREEDISCOUNT_IC.OBJ
C:\Users\user\Desktop\max_influence\max_influence\Release\distance.obj
C:\USERS\USER\DESKTOP\MAX_INFLUENCE\MAX_INFLUENCE\RELEASE\GENERAL_CASCADE.OBJ
C:\USERS\USER\DESKTOP\MAX_INFLUENCE\MAX_INFLUENCE\RELEASE\GRAPH.OBJ
C:\USERS\USER\DESKTOP\MAX_INFLUENCE\MAX_INFLUENCE\RELEASE\GREEDY.OBJ
C:\Users\user\Desktop\max_influence\max_influence\Release\greedy_topk.obj
C:\USERS\USER\DESKTOP\MAX_INFLUENCE\MAX_INFLUENCE\RELEASE\INDEPEND_CASCADE.OBJ
C:\Users\user\Desktop\max_influence\max_influence\Release\linear_threshold.obj
C:\Users\user\Desktop\max_influence\max_influence\Release\link.command.1.tlog
C:\Users\user\Desktop\max_influence\max_influence\Release\link.read.1.tlog
C:\Users\user\Desktop\max_influence\max_influence\Release\link.write.1.tlog
C:\USERS\USER\DESKTOP\MAX_INFLUENCE\MAX_INFLUENCE\RELEASE\MAIN.OBJ
C:\Users\user\Desktop\max_influence\max_influence\Release\max_influence.exe.intermediate.manifest
C:\Users\user\Desktop\max_influence\max_influence\Release\max_influence0.exe.intermediate.manifest
C:\Users\user\Desktop\max_influence\max_influence\Release\max_influence1.exe.intermediate.manifest
C:\USERS\USER\DESKTOP\MAX_INFLUENCE\MAX_INFLUENCE\RELEASE\MIA.OBJ
C:\Users\user\Desktop\max_influence\max_influence\Release\mix_greedy_ic.obj
C:\Users\user\Desktop\max_influence\max_influence\Release\mix_greedy_wc.obj
C:\Users\user\Desktop\max_influence\max_influence\Release\new_greedy_ic.obj
C:\Users\user\Desktop\max_influence\max_influence\Release\new_greedy_wc.obj
C:\USERS\USER\DESKTOP\MAX_INFLUENCE\MAX_INFLUENCE\RELEASE\PAGERANK.OBJ
C:\USERS\USER\DESKTOP\MAX_INFLUENCE\MAX_INFLUENCE\RELEASE\PMIA.OBJ
C:\Users\user\Desktop\max_influence\max_influence\Release\rand_graph_ic.obj
C:\USERS\USER\DESKTOP\MAX_INFLUENCE\MAX_INFLUENCE\RELEASE\RANDOM.OBJ
C:\Users\user\Desktop\max_influence\max_influence\Release\setneighbor.obj
C:\USERS\USER\DESKTOP\MAX_INFLUENCE\MAX_INFLUENCE\RELEASE\SP1M_GC.OBJ
C:\Users\user\Desktop\max_influence\max_influence\Release\SP1M_ic.obj
C:\Users\user\Desktop\max_influence\max_influence\Release\SP1M_wc.obj
C:\Users\user\Desktop\max_influence\max_influence\Release\SP5M_wc.obj
C:\USERS\USER\DESKTOP\MAX_INFLUENCE\MAX_INFLUENCE\RELEASE\SPM_GC.OBJ
C:\Users\user\Desktop\max_influence\max_influence\Release\SPM_ic.obj
C:\Users\user\Desktop\max_influence\max_influence\Release\SPM_wc.obj
C:\Users\user\Desktop\max_influence\max_influence\Release\SPT.obj
C:\Users\user\Desktop\max_influence\max_influence\Release\SPT_new.obj
C:\Users\user\Desktop\max_influence\max_influence\Release\SPT_topk.obj
C:\USERS\USER\DESKTOP\MAX_INFLUENCE\MAX_INFLUENCE\RELEASE\VC100.PDB
C:\Users\user\Desktop\max_influence\max_influence\Release\vc90.idb
C:\Users\user\Desktop\max_influence\max_influence\Release\vc90.pdb
C:\Users\user\Desktop\max_influence\max_influence\Release\weighted_cascade.obj
C:\USERS\USER\DESKTOP\MAX_INFLUENCE\MAX_INFLUENCE\RELEASE\WEIGHTEDEGREE.OBJ
